<?xml version="1.0" encoding="utf-8"?><testsuites name="pytest tests"><testsuite name="pytest" errors="0" failures="2" skipped="0" tests="10" time="5.519" timestamp="2026-03-19T02:09:13.921924+00:00" hostname="agent-env-80f6f9ac-14bb-42cd-86c5-13322e4b6d34"><testcase classname="tests.test_profiles_and_history.TestProfilesAPI" name="test_get_profiles_creates_default" time="0.594" /><testcase classname="tests.test_profiles_and_history.TestProfilesAPI" name="test_create_new_profile" time="0.556"><failure message="AssertionError: Should have at least 2 profiles now&#10;assert 1 &gt;= 2&#10; +  where 1 = len([{'avatar_color': '#FF0099', 'created_at': '2026-03-19T02:09:14.988768+00:00', 'id': '0dd8a713-3d02-4aa6-be50-7671caf70eba', 'is_active': False, ...}])">tests/test_profiles_and_history.py:56: in test_create_new_profile
    assert len(profiles) &gt;= 2, "Should have at least 2 profiles now"
E   AssertionError: Should have at least 2 profiles now
E   assert 1 &gt;= 2
E    +  where 1 = len([{'avatar_color': '#FF0099', 'created_at': '2026-03-19T02:09:14.988768+00:00', 'id': '0dd8a713-3d02-4aa6-be50-7671caf70eba', 'is_active': False, ...}])</failure></testcase><testcase classname="tests.test_profiles_and_history.TestProfilesAPI" name="test_create_profile_max_limit" time="0.755" /><testcase classname="tests.test_profiles_and_history.TestProfilesAPI" name="test_switch_profile" time="0.626" /><testcase classname="tests.test_profiles_and_history.TestProfilesAPI" name="test_delete_profile" time="0.568"><failure message="AssertionError: Delete failed: {&quot;detail&quot;:&quot;Cannot delete the only profile&quot;}&#10;assert 400 == 200&#10; +  where 400 = &lt;Response [400]&gt;.status_code">tests/test_profiles_and_history.py:138: in test_delete_profile
    assert delete_response.status_code == 200, f"Delete failed: {delete_response.text}"
E   AssertionError: Delete failed: {"detail":"Cannot delete the only profile"}
E   assert 400 == 200
E    +  where 400 = &lt;Response [400]&gt;.status_code</failure></testcase><testcase classname="tests.test_profiles_and_history.TestProfilesAPI" name="test_cannot_delete_only_profile" time="0.517" /><testcase classname="tests.test_profiles_and_history.TestWatchHistoryAPI" name="test_get_empty_history" time="0.470" /><testcase classname="tests.test_profiles_and_history.TestWatchHistoryAPI" name="test_update_watch_history" time="0.564" /><testcase classname="tests.test_profiles_and_history.TestWatchHistoryAPI" name="test_history_upsert_behavior" time="0.637" /><testcase classname="tests.test_profiles_and_history.TestWatchHistoryAPI" name="test_history_requires_auth" time="0.167" /></testsuite></testsuites>