<?xml version="1.0" encoding="utf-8"?><testsuites name="pytest tests"><testsuite name="pytest" errors="0" failures="0" skipped="0" tests="20" time="10.865" timestamp="2026-03-18T23:24:18.736325+00:00" hostname="agent-env-80f6f9ac-14bb-42cd-86c5-13322e4b6d34"><testcase classname="tests.test_auth.TestAuthFlow" name="test_register_new_user" time="0.554" /><testcase classname="tests.test_auth.TestAuthFlow" name="test_register_duplicate_email_should_fail" time="0.468" /><testcase classname="tests.test_auth.TestAuthFlow" name="test_login_with_valid_credentials" time="0.680" /><testcase classname="tests.test_auth.TestAuthFlow" name="test_login_with_invalid_credentials" time="0.136" /><testcase classname="tests.test_auth.TestAuthFlow" name="test_get_me_endpoint" time="0.462" /><testcase classname="tests.test_auth.TestAuthFlow" name="test_get_me_without_token_should_fail" time="0.165" /><testcase classname="tests.test_health_and_anime.TestHealth" name="test_health_check" time="0.183" /><testcase classname="tests.test_health_and_anime.TestAnimeAPI" name="test_get_top_anime_airing" time="0.765" /><testcase classname="tests.test_health_and_anime.TestAnimeAPI" name="test_get_top_anime_bypopularity" time="0.899" /><testcase classname="tests.test_health_and_anime.TestAnimeAPI" name="test_get_top_anime_upcoming" time="0.775" /><testcase classname="tests.test_health_and_anime.TestAnimeAPI" name="test_search_anime" time="0.924" /><testcase classname="tests.test_health_and_anime.TestAnimeAPI" name="test_get_anime_detail" time="0.805" /><testcase classname="tests.test_health_and_anime.TestAnimeAPI" name="test_get_anime_episodes" time="0.841" /><testcase classname="tests.test_health_and_anime.TestAnimeAPI" name="test_search_anime_empty_query_should_fail" time="0.163" /><testcase classname="tests.test_watchlist.TestWatchlistFlow" name="test_get_empty_watchlist" time="0.480" /><testcase classname="tests.test_watchlist.TestWatchlistFlow" name="test_add_to_watchlist_and_verify" time="0.521" /><testcase classname="tests.test_watchlist.TestWatchlistFlow" name="test_check_watchlist_status" time="0.702" /><testcase classname="tests.test_watchlist.TestWatchlistFlow" name="test_remove_from_watchlist" time="0.602" /><testcase classname="tests.test_watchlist.TestWatchlistFlow" name="test_add_duplicate_to_watchlist_should_fail" time="0.552" /><testcase classname="tests.test_watchlist.TestWatchlistFlow" name="test_watchlist_without_auth_should_fail" time="0.150" /></testsuite></testsuites>